[    0.000000] Initializing cgroup subsys cpuset
[    0.000000] Initializing cgroup subsys cpu
[    0.000000] Initializing cgroup subsys cpuacct
[    0.000000] Linux version 4.4.0-72-generic (buildd@lcy01-17) (gcc version 5.4.0 20160609 (Ubuntu 5.4.0-6ubuntu1~16.04.4) ) #93-Ubuntu SMP Fri Mar 31 14:07:41 UTC 2017 (Ubuntu 4.4.0-72.93-generic 4.4.49)
[    0.000000] Command line: BOOT_IMAGE=/boot/vmlinuz-4.4.0-72-generic root=UUID=8ca31236-1b14-47d1-a491-527b2dc859dc ro console=tty1 console=ttyS0
[    0.000000] KERNEL supported cpus:
[    0.000000]   Intel GenuineIntel
[    0.000000]   AMD AuthenticAMD
[    0.000000]   Centaur CentaurHauls
[    0.000000] x86/fpu: xstate_offset[2]:  576, xstate_sizes[2]:  256
[    0.000000] x86/fpu: Supporting XSAVE feature 0x01: 'x87 floating point registers'
[    0.000000] x86/fpu: Supporting XSAVE feature 0x02: 'SSE registers'
[    0.000000] x86/fpu: Supporting XSAVE feature 0x04: 'AVX registers'
[    0.000000] x86/fpu: Enabled xstate features 0x7, context size is 832 bytes, using 'standard' format.
[    0.000000] x86/fpu: Using 'lazy' FPU context switches.
[    0.000000] e820: BIOS-provided physical RAM map:
[    0.000000] BIOS-e820: [mem 0x0000000000000000-0x000000000009fbff] usable
[    0.000000] BIOS-e820: [mem 0x000000000009fc00-0x000000000009ffff] reserved
[    0.000000] BIOS-e820: [mem 0x00000000000f0000-0x00000000000fffff] reserved
[    0.000000] BIOS-e820: [mem 0x0000000000100000-0x000000003ffeffff] usable
[    0.000000] BIOS-e820: [mem 0x000000003fff0000-0x000000003fffffff] ACPI data
[    0.000000] BIOS-e820: [mem 0x00000000fec00000-0x00000000fec00fff] reserved
[    0.000000] BIOS-e820: [mem 0x00000000fee00000-0x00000000fee00fff] reserved
[    0.000000] BIOS-e820: [mem 0x00000000fffc0000-0x00000000ffffffff] reserved
[    0.000000] NX (Execute Disable) protection: active
[    0.000000] SMBIOS 2.5 present.
[    0.000000] Hypervisor detected: KVM
[    0.000000] e820: last_pfn = 0x3fff0 max_arch_pfn = 0x400000000
[    0.000000] MTRR: Disabled
[    0.000000] x86/PAT: MTRRs disabled, skipping PAT initialization too.
[    0.000000] x86/PAT: Configuration [0-7]: WB  WT  UC- UC  WB  WT  UC- UC  
[    0.000000] CPU MTRRs all blank - virtualized system.
[    0.000000] found SMP MP-table at [mem 0x0009fff0-0x0009ffff] mapped at [ffff88000009fff0]
[    0.000000] Scanning 1 areas for low memory corruption
[    0.000000] RAMDISK: [mem 0x36236000-0x37112fff]
[    0.000000] ACPI: Early table checksum verification disabled
[    0.000000] ACPI: RSDP 0x00000000000E0000 000024 (v02 VBOX  )
[    0.000000] ACPI: XSDT 0x000000003FFF0030 00003C (v01 VBOX   VBOXXSDT 00000001 ASL  00000061)
[    0.000000] ACPI: FACP 0x000000003FFF00F0 0000F4 (v04 VBOX   VBOXFACP 00000001 ASL  00000061)
[    0.000000] ACPI: DSDT 0x000000003FFF0470 00210F (v01 VBOX   VBOXBIOS 00000002 INTL 20100528)
[    0.000000] ACPI: FACS 0x000000003FFF0200 000040
[    0.000000] ACPI: FACS 0x000000003FFF0200 000040
[    0.000000] ACPI: APIC 0x000000003FFF0240 00005C (v02 VBOX   VBOXAPIC 00000001 ASL  00000061)
[    0.000000] ACPI: SSDT 0x000000003FFF02A0 0001CC (v01 VBOX   VBOXCPUT 00000002 INTL 20100528)
[    0.000000] No NUMA configuration found
[    0.000000] Faking a node at [mem 0x0000000000000000-0x000000003ffeffff]
[    0.000000] NODE_DATA(0) allocated [mem 0x3ffeb000-0x3ffeffff]
[    0.000000] kvm-clock: Using msrs 4b564d01 and 4b564d00
[    0.000000] kvm-clock: cpu 0, msr 0:3ffe3001, primary cpu clock
[    0.000000] kvm-clock: using sched offset of 5698168673 cycles
[    0.000000] clocksource: kvm-clock: mask: 0xffffffffffffffff max_cycles: 0x1cd42e4dffb, max_idle_ns: 881590591483 ns
[    0.000000] Zone ranges:
[    0.000000]   DMA      [mem 0x0000000000001000-0x0000000000ffffff]
[    0.000000]   DMA32    [mem 0x0000000001000000-0x000000003ffeffff]
[    0.000000]   Normal   empty
[    0.000000]   Device   empty
[    0.000000] Movable zone start for each node
[    0.000000] Early memory node ranges
[    0.000000]   node   0: [mem 0x0000000000001000-0x000000000009efff]
[    0.000000]   node   0: [mem 0x0000000000100000-0x000000003ffeffff]
[    0.000000] Initmem setup node 0 [mem 0x0000000000001000-0x000000003ffeffff]
[    0.000000] ACPI: PM-Timer IO Port: 0x4008
[    0.000000] IOAPIC[0]: apic_id 2, version 32, address 0xfec00000, GSI 0-23
[    0.000000] ACPI: INT_SRC_OVR (bus 0 bus_irq 0 global_irq 2 dfl dfl)
[    0.000000] ACPI: INT_SRC_OVR (bus 0 bus_irq 9 global_irq 9 high level)
[    0.000000] Using ACPI (MADT) for SMP configuration information
[    0.000000] smpboot: Allowing 2 CPUs, 0 hotplug CPUs
[    0.000000] PM: Registered nosave memory: [mem 0x00000000-0x00000fff]
[    0.000000] PM: Registered nosave memory: [mem 0x0009f000-0x0009ffff]
[    0.000000] PM: Registered nosave memory: [mem 0x000a0000-0x000effff]
[    0.000000] PM: Registered nosave memory: [mem 0x000f0000-0x000fffff]
[    0.000000] e820: [mem 0x40000000-0xfebfffff] available for PCI devices
[    0.000000] Booting paravirtualized kernel on KVM
[    0.000000] clocksource: refined-jiffies: mask: 0xffffffff max_cycles: 0xffffffff, max_idle_ns: 7645519600211568 ns
[    0.000000] setup_percpu: NR_CPUS:512 nr_cpumask_bits:512 nr_cpu_ids:2 nr_node_ids:1
[    0.000000] PERCPU: Embedded 33 pages/cpu @ffff88003fc00000 s98264 r8192 d28712 u1048576
[    0.000000] PV qspinlock hash table entries: 256 (order: 0, 4096 bytes)
[    0.000000] Built 1 zonelists in Node order, mobility grouping on.  Total pages: 257913
[    0.000000] Policy zone: DMA32
[    0.000000] Kernel command line: BOOT_IMAGE=/boot/vmlinuz-4.4.0-72-generic root=UUID=8ca31236-1b14-47d1-a491-527b2dc859dc ro console=tty1 console=ttyS0
[    0.000000] PID hash table entries: 4096 (order: 3, 32768 bytes)
[    0.000000] Memory: 997360K/1048120K available (8452K kernel code, 1293K rwdata, 3976K rodata, 1484K init, 1316K bss, 50760K reserved, 0K cma-reserved)
[    0.000000] SLUB: HWalign=64, Order=0-3, MinObjects=0, CPUs=2, Nodes=1
[    0.000000] Hierarchical RCU implementation.
[    0.000000] 	Build-time adjustment of leaf fanout to 64.
[    0.000000] 	RCU restricting CPUs from NR_CPUS=512 to nr_cpu_ids=2.
[    0.000000] RCU: Adjusting geometry for rcu_fanout_leaf=64, nr_cpu_ids=2
[    0.000000] NR_IRQS:33024 nr_irqs:440 16
[    0.000000] Console: colour VGA+ 80x25
[    0.000000] console [tty1] enabled
[    0.000000] console [ttyS0] enabled
[    0.000000] tsc: Detected 2494.316 MHz processor
[    1.226660] Calibrating delay loop (skipped) preset value.. 4988.63 BogoMIPS (lpj=9977264)
[    1.230783] pid_max: default: 32768 minimum: 301
[    1.232388] ACPI: Core revision 20150930
[    1.234671] ACPI: 2 ACPI AML tables successfully acquired and loaded
[    1.242836] Security Framework initialized
[    1.246286] Yama: becoming mindful.
[    1.247536] AppArmor: AppArmor initialized
[    1.252447] Dentry cache hash table entries: 131072 (order: 8, 1048576 bytes)
[    1.255185] Inode-cache hash table entries: 65536 (order: 7, 524288 bytes)
[    1.264157] Mount-cache hash table entries: 2048 (order: 2, 16384 bytes)
[    1.274316] Mountpoint-cache hash table entries: 2048 (order: 2, 16384 bytes)
[    1.277114] Initializing cgroup subsys io
[    1.289190] Initializing cgroup subsys memory
[    1.349340] Initializing cgroup subsys devices
[    1.428320] Initializing cgroup subsys freezer
[    1.441431] Initializing cgroup subsys net_cls
[    1.455134] Initializing cgroup subsys perf_event
[    1.467567] Initializing cgroup subsys net_prio
[    1.488316] Initializing cgroup subsys hugetlb
[    1.505464] Initializing cgroup subsys pids
[    1.509616] CPU: Physical Processor ID: 0
[    1.539254] CPU: Processor Core ID: 0
[    1.548419] mce: CPU supports 0 MCE banks
[    1.569290] Last level iTLB entries: 4KB 512, 2MB 8, 4MB 8
[    1.581682] Last level dTLB entries: 4KB 512, 2MB 32, 4MB 32, 1GB 0
[    1.619215] Freeing SMP alternatives memory: 32K (ffffffff820b8000 - ffffffff820c0000)
[    1.650370] ftrace: allocating 32111 entries in 126 pages
[    1.718412] smpboot: APIC(0) Converting physical 0 to logical package 0
[    1.734395] smpboot: Max logical packages: 1
[    1.756537] x2apic enabled
[    1.766270] Switched APIC routing to physical x2apic.
[    1.823380] ..TIMER: vector=0x30 apic1=0 pin1=2 apic2=-1 pin2=-1
[    1.948636] smpboot: CPU0: Intel(R) Core(TM) i5-3210M CPU @ 2.50GHz (family: 0x6, model: 0x3a, stepping: 0x9)
[    1.968255] Performance Events: unsupported p6 CPU model 58 no PMU driver, software events only.
[    1.978633] KVM setup paravirtual spinlock
[    1.989179] x86: Booting SMP configuration:
[    1.992205] .... node  #0, CPUs:      #1
[    1.994128] kvm-clock: cpu 1, msr 0:3ffe3041, secondary cpu clock
[    2.013469] mce: CPU supports 0 MCE banks
[    2.033403] x86: Booted up 1 node, 2 CPUs
[    2.039415] smpboot: Total of 2 processors activated (9977.26 BogoMIPS)
[    2.055852] devtmpfs: initialized
[    2.064781] evm: security.selinux
[    2.067335] evm: security.SMACK64
[    2.068469] evm: security.SMACK64EXEC
[    2.069685] evm: security.SMACK64TRANSMUTE
[    2.078747] evm: security.SMACK64MMAP
[    2.079661] evm: security.ima
[    2.080655] evm: security.capability
[    2.083419] clocksource: jiffies: mask: 0xffffffff max_cycles: 0xffffffff, max_idle_ns: 7645041785100000 ns
[    2.088296] pinctrl core: initialized pinctrl subsystem
[    2.093131] RTC time: 17:20:44, date: 04/10/17
[    2.097827] NET: Registered protocol family 16
[    2.127042] cpuidle: using governor ladder
[    2.143109] cpuidle: using governor menu
[    2.147945] PCCT header not found.
[    2.149379] ACPI: bus type PCI registered
[    2.151020] acpiphp: ACPI Hot Plug PCI Controller Driver version: 0.5
[    2.161803] PCI: Using configuration type 1 for base access
[    2.180181] ACPI: Added _OSI(Module Device)
[    2.205027] ACPI: Added _OSI(Processor Device)
[    2.214885] ACPI: Added _OSI(3.0 _SCP Extensions)
[    2.229565] ACPI: Added _OSI(Processor Aggregator Device)
[    2.254199] ACPI: Executed 1 blocks of module-level executable AML code
[    2.273271] ACPI: Interpreter enabled
[    2.284995] ACPI: (supports S0 S5)
[    2.299137] ACPI: Using IOAPIC for interrupt routing
[    2.315088] PCI: Using host bridge windows from ACPI; if necessary, use "pci=nocrs" and report a bug
[    2.335450] ACPI: PCI Root Bridge [PCI0] (domain 0000 [bus 00-ff])
[    2.361954] acpi PNP0A03:00: _OSC: OS supports [ASPM ClockPM Segments MSI]
[    2.367257] acpi PNP0A03:00: _OSC failed (AE_NOT_FOUND); disabling ASPM
[    2.376166] acpi PNP0A03:00: fail to add MMCONFIG information, can't access extended PCI configuration space under this bridge.
[    2.384560] PCI host bridge to bus 0000:00
[    2.388062] pci_bus 0000:00: root bus resource [io  0x0000-0x0cf7 window]
[    2.398314] pci_bus 0000:00: root bus resource [io  0x0d00-0xffff window]
[    2.404400] pci_bus 0000:00: root bus resource [mem 0x000a0000-0x000bffff window]
[    2.414132] pci_bus 0000:00: root bus resource [mem 0x40000000-0xffdfffff window]
[    2.422895] pci_bus 0000:00: root bus resource [bus 00-ff]
[    2.429137] pci 0000:00:01.1: legacy IDE quirk: reg 0x10: [io  0x01f0-0x01f7]
[    2.441908] pci 0000:00:01.1: legacy IDE quirk: reg 0x14: [io  0x03f6]
[    2.450692] pci 0000:00:01.1: legacy IDE quirk: reg 0x18: [io  0x0170-0x0177]
[    2.460639] pci 0000:00:01.1: legacy IDE quirk: reg 0x1c: [io  0x0376]
[    2.490488] pci 0000:00:07.0: quirk: [io  0x4000-0x403f] claimed by PIIX4 ACPI
[    2.515294] pci 0000:00:07.0: quirk: [io  0x4100-0x410f] claimed by PIIX4 SMB
[    2.538090] ACPI: PCI Interrupt Link [LNKA] (IRQs 5 9 10 *11)
[    2.553233] ACPI: PCI Interrupt Link [LNKB] (IRQs 5 9 10 *11)
[    2.576131] ACPI: PCI Interrupt Link [LNKC] (IRQs 5 9 *10 11)
[    2.584277] ACPI: PCI Interrupt Link [LNKD] (IRQs 5 *9 10 11)
[    2.597976] ACPI: Enabled 2 GPEs in block 00 to 07
[    2.630836] vgaarb: setting as boot device: PCI:0000:00:02.0
[    2.647045] vgaarb: device added: PCI:0000:00:02.0,decodes=io+mem,owns=io+mem,locks=none
[    2.666894] vgaarb: loaded
[    2.676309] vgaarb: bridge control possible 0000:00:02.0
[    2.681799] SCSI subsystem initialized
[    2.696448] ACPI: bus type USB registered
[    2.702949] usbcore: registered new interface driver usbfs
[    2.705561] usbcore: registered new interface driver hub
[    2.714447] usbcore: registered new device driver usb
[    2.741685] PCI: Using ACPI for IRQ routing
[    2.751161] NetLabel: Initializing
[    2.762362] NetLabel:  domain hash size = 128
[    2.779033] NetLabel:  protocols = UNLABELED CIPSOv4
[    2.785703] NetLabel:  unlabeled traffic allowed by default
[    2.805051] amd_nb: Cannot enumerate AMD northbridges
[    2.834944] clocksource: Switched to clocksource kvm-clock
[    2.856999] AppArmor: AppArmor Filesystem Enabled
[    2.860771] pnp: PnP ACPI init
[    2.873102] pnp: PnP ACPI: found 3 devices
[    2.909165] clocksource: acpi_pm: mask: 0xffffff max_cycles: 0xffffff, max_idle_ns: 2085701024 ns
[    2.914045] NET: Registered protocol family 2
[    2.924268] TCP established hash table entries: 8192 (order: 4, 65536 bytes)
[    2.950867] TCP bind hash table entries: 8192 (order: 5, 131072 bytes)
[    2.956911] TCP: Hash tables configured (established 8192 bind 8192)
[    2.984473] UDP hash table entries: 512 (order: 2, 16384 bytes)
[    2.999549] UDP-Lite hash table entries: 512 (order: 2, 16384 bytes)
[    3.026441] NET: Registered protocol family 1
[    3.065775] pci 0000:00:00.0: Limiting direct PCI/PCI transfers
[    3.071874] pci 0000:00:01.0: Activating ISA DMA hang workarounds
[    3.093177] Unpacking initramfs...
[    3.546038] Freeing initrd memory: 15220K (ffff880036236000 - ffff880037113000)
[    3.561076] RAPL PMU detected, API unit is 2^-32 Joules, 3 fixed counters 10737418240 ms ovfl timer
[    3.576970] hw unit of domain pp0-core 2^-0 Joules
[    3.594669] hw unit of domain package 2^-0 Joules
[    3.596888] hw unit of domain pp1-gpu 2^-0 Joules
[    3.603644] platform rtc_cmos: registered platform RTC device (no PNP device found)
[    3.612845] Scanning for low memory corruption every 60 seconds
[    3.618356] futex hash table entries: 512 (order: 3, 32768 bytes)
[    3.625137] audit: initializing netlink subsys (disabled)
[    3.630715] audit: type=2000 audit(1491844851.031:1): initialized
[    3.636078] Initialise system trusted keyring
[    3.641474] HugeTLB registered 2 MB page size, pre-allocated 0 pages
[    3.649193] zbud: loaded
[    3.653176] VFS: Disk quotas dquot_6.6.0
[    3.656402] VFS: Dquot-cache hash table entries: 512 (order 0, 4096 bytes)
[    3.659511] squashfs: version 4.0 (2009/01/31) Phillip Lougher
[    3.684973] fuse init (API version 7.23)
[    3.687137] Key type big_key registered
[    3.688910] Allocating IMA MOK and blacklist keyrings.
[    3.698434] Key type asymmetric registered
[    3.700258] Asymmetric key parser 'x509' registered
[    3.714576] Block layer SCSI generic (bsg) driver version 0.4 loaded (major 249)
[    3.727952] io scheduler noop registered
[    3.732631] io scheduler deadline registered (default)
[    3.737248] io scheduler cfq registered
[    3.741270] pci_hotplug: PCI Hot Plug PCI Core version: 0.5
[    3.749736] pciehp: PCI Express Hot Plug Controller Driver version: 0.4
[    3.752822] ACPI: AC Adapter [AC] (on-line)
[    3.757861] input: Power Button as /devices/LNXSYSTM:00/LNXPWRBN:00/input/input0
[    3.766074] ACPI: Power Button [PWRF]
[    3.767887] input: Sleep Button as /devices/LNXSYSTM:00/LNXSLPBN:00/input/input1
[    3.792685] ACPI: Sleep Button [SLPF]
[    3.808923] GHES: HEST is not enabled!
[    3.810900] ACPI: Battery Slot [BAT0] (battery present)
[    3.817321] Serial: 8250/16550 driver, 32 ports, IRQ sharing enabled
ÿ[    3.860118] 00:02: ttyS0 at I/O 0x3f8 (irq = 4, base_baud = 115200) is a 16550A
[    3.869873] Linux agpgart interface v0.103
[    3.901189] loop: module loaded
[    3.909151] scsi host0: ata_piix
[    3.912669] scsi host1: ata_piix
[    3.914825] ata1: PATA max UDMA/33 cmd 0x1f0 ctl 0x3f6 bmdma 0xd000 irq 14
[    3.953656] ata2: PATA max UDMA/33 cmd 0x170 ctl 0x376 bmdma 0xd008 irq 15
[    3.962766] libphy: Fixed MDIO Bus: probed
[    3.985700] tun: Universal TUN/TAP device driver, 1.6
[    3.994525] tun: (C) 1999-2004 Max Krasnyansky <maxk@qualcomm.com>
[    4.006017] PPP generic driver version 2.4.2
[    4.014773] ehci_hcd: USB 2.0 'Enhanced' Host Controller (EHCI) Driver
[    4.041371] ehci-pci: EHCI PCI platform driver
[    4.054262] ehci-platform: EHCI generic platform driver
[    4.071491] ohci_hcd: USB 1.1 'Open' Host Controller (OHCI) Driver
[    4.074038] ohci-pci: OHCI PCI platform driver
[    4.075714] ohci-platform: OHCI generic platform driver
[    4.087394] uhci_hcd: USB Universal Host Controller Interface driver
[    4.107986] i8042: PNP: PS/2 Controller [PNP0303:PS2K,PNP0f03:PS2M] at 0x60,0x64 irq 1,12
[    4.116692] serio: i8042 KBD port at 0x60,0x64 irq 1
[    4.120787] serio: i8042 AUX port at 0x60,0x64 irq 12
[    4.127243] mousedev: PS/2 mouse device common for all mice
[    4.131626] input: AT Translated Set 2 keyboard as /devices/platform/i8042/serio0/input/input2
[    4.135733] rtc_cmos rtc_cmos: rtc core: registered rtc_cmos as rtc0
[    4.153155] rtc_cmos rtc_cmos: alarms up to one day, 114 bytes nvram
[    4.180182] i2c /dev entries driver
[    4.195104] device-mapper: uevent: version 1.0.3
[    4.197172] device-mapper: ioctl: 4.34.0-ioctl (2015-10-28) initialised: dm-devel@redhat.com
[    4.204962] ledtrig-cpu: registered to indicate activity on CPUs
[    4.207120] NET: Registered protocol family 10
[    4.211717] NET: Registered protocol family 17
[    4.224474] Key type dns_resolver registered
[    4.229077] microcode: CPU0 sig=0x306a9, pf=0x2, revision=0x19
[    4.232551] microcode: CPU1 sig=0x306a9, pf=0x2, revision=0x19
[    4.242788] microcode: Microcode Update Driver: v2.01 <tigran@aivazian.fsnet.co.uk>, Peter Oruba
[    4.248020] registered taskstats version 1
[    4.252716] Loading compiled-in X.509 certificates
[    4.262194] Loaded X.509 cert 'Build time autogenerated kernel key: 04ae903e4643330d1fe41947e79c28b436494994'
[    4.271169] zswap: loaded using pool lzo/zbud
[    4.278741] Key type trusted registered
[    4.287693] Key type encrypted registered
[    4.296447] AppArmor: AppArmor sha1 policy hashing enabled
[    4.319841] ima: No TPM chip found, activating TPM-bypass!
[    4.325998] evm: HMAC attrs: 0x1
[    4.336023]   Magic number: 13:811:339
[    4.339044] rtc_cmos rtc_cmos: setting system clock to 2017-04-10 17:20:47 UTC (1491844847)
[    4.345216] BIOS EDD facility v0.16 2004-Jun-25, 0 devices found
[    4.351470] EDD information not available.
[    4.364337] Freeing unused kernel memory: 1484K (ffffffff81f45000 - ffffffff820b8000)
[    4.376521] Write protecting the kernel read-only data: 14336k
[    4.384724] Freeing unused kernel memory: 1776K (ffff880001844000 - ffff880001a00000)
[    4.391394] Freeing unused kernel memory: 120K (ffff880001de2000 - ffff880001e00000)
Loading, please wait...
starting version[    4.444915] random: systemd-udevd: uninitialized urandom read (16 bytes read, 3 bits of entropy available)
 229
[    4.445575] random: udevadm: uninitialized urandom read (16 bytes read, 3 bits of entropy available)
[    4.445641] random: udevadm: uninitialized urandom read (16 bytes read, 3 bits of entropy available)
[    4.445852] random: udevadm: uninitialized urandom read (16 bytes read, 3 bits of entropy available)
[    4.445944] random: udevadm: uninitialized urandom read (16 bytes read, 3 bits of entropy available)
[    4.446026] random: udevadm: uninitialized urandom read (16 bytes read, 3 bits of entropy available)
[    4.446111] random: udevadm: uninitialized urandom read (16 bytes read, 3 bits of entropy available)
[    4.446191] random: udevadm: uninitialized urandom read (16 bytes read, 3 bits of entropy available)
[    4.446267] random: udevadm: uninitialized urandom read (16 bytes read, 3 bits of entropy available)
[    4.446348] random: udevadm: uninitialized urandom read (16 bytes read, 3 bits of entropy available)
[    4.807948] tsc: Refined TSC clocksource calibration: 2494.226 MHz
[    4.811932] clocksource: tsc: mask: 0xffffffffffffffff max_cycles: 0x23f3eb3743e, max_idle_ns: 440795257847 ns
[    4.881875] e1000: Intel(R) PRO/1000 Network Driver - version 7.3.21-k8-NAPI
[    4.922264] e1000: Copyright (c) 1999-2006 Intel Corporation.
[    4.957564] Fusion MPT base driver 3.04.20
[    4.974563] Copyright (c) 1999-2008 LSI Corporation
[    5.006586] AVX version of gcm_enc/dec engaged.
[    5.013094] AES CTR mode by8 optimization enabled
[    5.036716] Fusion MPT SPI Host driver 3.04.20
[    5.213886] input: ImExPS/2 Generic Explorer Mouse as /devices/platform/i8042/serio1/input/input4
[    5.489599] e1000 0000:00:03.0 eth0: (PCI:33MHz:32-bit) 02:e4:5b:1a:6e:ce
[    5.504700] e1000 0000:00:03.0 eth0: Intel(R) PRO/1000 Network Connection
[    5.999905] e1000 0000:00:08.0 eth1: (PCI:33MHz:32-bit) 08:00:27:01:a6:56
[    6.021338] e1000 0000:00:08.0 eth1: Intel(R) PRO/1000 Network Connection
[    6.036768] mptbase: ioc0: Initiating bringup
[    6.117251] e1000 0000:00:03.0 enp0s3: renamed from eth0
[    6.147600] e1000 0000:00:08.0 enp0s8: renamed from eth1
[    6.199448] ioc0: LSI53C1030 A0: Capabilities={Initiator}
[    6.377489] scsi host2: ioc0: LSI53C1030 A0, FwRev=00000000h, Ports=1, MaxQ=256, IRQ=20
[    6.555987] scsi 2:0:0:0: Direct-Access     VBOX     HARDDISK         1.0  PQ: 0 ANSI: 5
[    6.590687] scsi target2:0:0: Beginning Domain Validation
[    6.601757] scsi target2:0:0: Domain Validation skipping write tests
[    6.626283] scsi target2:0:0: Ending Domain Validation
[    6.644316] scsi target2:0:0: asynchronous
[    6.650291] scsi 2:0:1:0: Direct-Access     VBOX     HARDDISK         1.0  PQ: 0 ANSI: 5
[    6.659780] scsi target2:0:1: Beginning Domain Validation
[    6.667060] scsi target2:0:1: Domain Validation skipping write tests
[    6.677172] scsi target2:0:1: Ending Domain Validation
[    6.695979] scsi target2:0:1: asynchronous
[    6.717632] sd 2:0:0:0: [sda] 20971520 512-byte logical blocks: (10.7 GB/10.0 GiB)
[    6.759469] sd 2:0:0:0: Attached scsi generic sg0 type 0
[    6.777913] sd 2:0:1:0: [sdb] 20480 512-byte logical blocks: (10.5 MB/10.0 MiB)
[    6.777978] sd 2:0:1:0: Attached scsi generic sg1 type 0
[    6.817934] sd 2:0:0:0: [sda] Write Protect is off
[    6.818095] sd 2:0:1:0: [sdb] Write Protect is off
[    6.818196] sd 2:0:1:0: [sdb] Incomplete mode parameter data
[    6.818197] sd 2:0:1:0: [sdb] Assuming drive cache: write through
[    6.834997] sd 2:0:1:0: [sdb] Attached SCSI disk
[    6.890709] sd 2:0:0:0: [sda] Incomplete mode parameter data
[    6.900836] sd 2:0:0:0: [sda] Assuming drive cache: write through
[    6.932338]  sda: sda1
[    6.936755] sd 2:0:0:0: [sda] Attached SCSI disk
[    8.035479] floppy0: no floppy controllers found
Begin: Loading e[    9.480288] md: linear personality registered for level -1
ssential drivers ... [    9.584270] md: multipath personality registered for level -4
[    9.602861] md: raid0 personality registered for level 0
[    9.624931] md: raid1 personality registered for level 1
[    9.715294] raid6: sse2x1   gen()  5157 MB/s
[    9.787032] raid6: sse2x1   xor()  5072 MB/s
[    9.863058] raid6: sse2x2   gen()  4802 MB/s
[    9.934978] raid6: sse2x2   xor()  5376 MB/s
[   10.007182] raid6: sse2x4   gen() 10073 MB/s
[   10.075233] raid6: sse2x4   xor()  6168 MB/s
[   10.078312] raid6: using algorithm sse2x4 gen() 10073 MB/s
[   10.087045] raid6: .... xor() 6168 MB/s, rmw enabled
[   10.090175] raid6: using ssse3x2 recovery algorithm
[   10.099917] xor: automatically using best checksumming function:
[   10.155513]    avx       : 30589.000 MB/sec
[   10.185563] async_tx: api initialized (async)
[   10.200042] md: raid6 personality registered for level 6
[   10.209418] md: raid5 personality registered for level 5
[   10.224759] md: raid4 personality registered for level 4
[   10.236300] md: raid10 personality registered for level 10
done.
Begin: Running /scripts/init-premount ... done.
Begin: Mounting root file system ... Begin: Running /scripts/local-top ... done.
Begin: Running /scripts/local-premount ... [   10.292128] Btrfs loaded
Scanning for Btrfs filesystems
done.
Warning: fsck not present, so skipping root file system
[   10.587897] EXT4-fs (sda1): mounted filesystem with ordered data mode. Opts: (null)
done.
Begin: Running /scripts/local-bottom ... done.
Begin: Running /scripts/init-bottom ... done.
[   11.127964] random: nonblocking pool is initialized
[   12.461154] systemd[1]: systemd 229 running in system mode. (+PAM +AUDIT +SELINUX +IMA +APPARMOR +SMACK +SYSVINIT +UTMP +LIBCRYPTSETUP +GCRYPT +GNUTLS +ACL +XZ -LZ4 +SECCOMP +BLKID +ELFUTILS +KMOD -IDN)
[   12.538550] systemd[1]: Detected virtualization oracle.
[   12.543994] systemd[1]: Detected architecture x86-64.

Welcome to [1mUbuntu 16.04.2 LTS[0m!

[   12.640671] systemd[1]: Set hostname to <ubuntu-xenial>.
[   17.352367] systemd[1]: Listening on Journal Audit Socket.
[[0;32m  OK  [0m] Listening on Journal Audit Socket.
[   17.366353] systemd[1]: Set up automount Arbitrary Executable File Formats File System Automount Point.
[[0;32m  OK  [0m] Set up automount Arbitrary Executab...ats File System Automount Point.
[   17.411987] systemd[1]: Reached target User and Group Name Lookups.
[[0;32m  OK  [0m] Reached target User and Group Name Lookups.
[   17.452110] systemd[1]: Created slice User and Session Slice.
[[0;32m  OK  [0m] Created slice User and Session Slice.
[   17.479606] systemd[1]: Listening on LVM2 poll daemon socket.
[[0;32m  OK  [0m] Listening on LVM2 poll daemon socket.
[   17.504410] systemd[1]: Listening on /dev/initctl Compatibility Named Pipe.
[[0;32m  OK  [0m] Listening on /dev/initctl Compatibility Named Pipe.
[   17.524010] systemd[1]: Listening on udev Kernel Socket.
[[0;32m  OK  [0m] Listening on udev Kernel Socket.
[   17.540480] systemd[1]: Listening on Device-mapper event daemon FIFOs.
[[0;32m  OK  [0m] Listening on Device-mapper event daemon FIFOs.
[   17.559404] systemd[1]: Reached target Encrypted Volumes.
[[0;32m  OK  [0m] Reached target Encrypted Volumes.
[   17.578082] systemd[1]: Started Forward Password Requests to Wall Directory Watch.
[[0;32m  OK  [0m] Started Forward Password Requests to Wall Directory Watch.
[   17.603498] systemd[1]: Reached target Swap.
[[0;32m  OK  [0m] Reached target Swap.
[   17.655515] systemd[1]: Listening on LVM2 metadata daemon socket.
[[0;32m  OK  [0m] Listening on LVM2 metadata daemon socket.
[   17.699505] systemd[1]: Listening on udev Control Socket.
[[0;32m  OK  [0m] Listening on udev Control Socket.
[   17.735869] systemd[1]: Created slice System Slice.
[[0;32m  OK  [0m] Created slice System Slice.
[   17.752930] systemd[1]: Reached target Slices.
[[0;32m  OK  [0m] Reached target Slices.
[   17.767898] systemd[1]: Created slice system-postgresql.slice.
[[0;32m  OK  [0m] Created slice system-postgresql.slice.
[   17.803749] systemd[1]: Created slice system-serial\x2dgetty.slice.
[[0;32m  OK  [0m] Created slice system-serial\x2dgetty.slice.
[   17.811665] systemd[1]: Listening on Syslog Socket.
[[0;32m  OK  [0m] Listening on Syslog Socket.
[   17.826142] systemd[1]: Listening on Journal Socket (/dev/log).
[[0;32m  OK  [0m] Listening on Journal Socket (/dev/log).
[   17.865126] systemd[1]: Listening on Journal Socket.
[[0;32m  OK  [0m] Listening on Journal Socket.
[   17.899485] systemd[1]: Starting Create list of required static device nodes for the current kernel...
         Starting Create list of required st... nodes for the current kernel...
[   17.933177] systemd[1]: Starting Set console keymap...
         Starting Set console keymap...
[   17.940829] systemd[1]: Starting Uncomplicated firewall...
         Starting Uncomplicated firewall...
[   17.966236] systemd[1]: Starting Remount Root and Kernel File Systems...
         Starting Remount Root and Kernel File Systems...
[   17.999146] systemd[1]: Mounting Huge Pages File System...
         Mounting Huge Pages File System...
[   18.010723] systemd[1]: Starting Monitoring of LVM2 mirrors, snapshots etc. using dmeventd or progress polling...
         Starting Monitoring of LVM2 mirrors... dmeventd or progress polling...
[   18.071682] systemd[1]: Starting Nameserver information manager...
         Starting Nameserver information manager...
[   18.143597] systemd[1]: Starting Journal Service...
         Starting Journal Service...
[   18.271917] systemd[1]: Starting Load Kernel Modules...
         Starting Load Kernel Modules...
[   18.291980] systemd[1]: Mounting RPC Pipe File System...
         Mounting RPC Pipe File System...
[   18.327712] systemd[1]: Mounting POSIX Message Queue File System...
[   18.352600] EXT4-fs (sda1): re-mounted. Opts: (null)
         Mounting POSIX Message Queue File System...
[   18.571471] systemd[1]: Mounting Debug File System...
         Mounting Debug File System...
[   18.634774] systemd[1]: Mounted POSIX Message Queue File System.
[[0;32m  OK  [0m] Mounted POSIX Message Queue File System.
[   18.679627] systemd[1]: Mounted Debug File System.
[[0;32m  OK  [0m] Mounted Debug File System.
[   18.711796] systemd[1]: Mounted Huge Pages File System.
[[0;32m  OK  [0m] Mounted Huge Pages File System.
[   18.735889] systemd[1]: Started Create list of required static device nodes for the current kernel.
[[0;32m  OK  [0m] Started Create list of required sta...ce nodes for the current kernel.
[   18.776065] systemd[1]: Started Uncomplicated firewall.
[[0;32m  OK  [0m] Started Uncomplicated firewall.
[   18.820468] systemd[1]: Started Remount Root and Kernel File Systems.
[[0;32m  OK  [0m] Started Remount Root and Kernel File Systems.
[   18.913890] systemd[1]: Started Set console keymap.
[[0;32m  OK  [0m] Started Set console keymap.
[   19.035026] Loading iSCSI transport class v2.0-870.
[   19.081701] RPC: Registered named UNIX socket transport module.
[   19.098669] RPC: Registered udp transport module.
[   19.104595] RPC: Registered tcp transport module.
[   19.106080] RPC: Registered tcp NFSv4.1 backchannel transport module.
[   19.121222] systemd[1]: Starting udev Coldplug all Devices...
         Starting udev Coldplug all Devices...
[   19.283470] systemd[1]: Starting Load/Save Random Seed...
         Starting Load/Save Random Seed...
[   19.329307] systemd[1]: Starting Initial cloud-init job (pre-networking)...
         Starting Initial cloud-init job (pre-networking)...
[   19.389504] iscsi: registered transport (tcp)
[   19.407500] systemd[1]: Starting Create Static Device Nodes in /dev...
         Starting Create Static Device Nodes in /dev...
[   19.436956] systemd[1]: Mounted RPC Pipe File System.
[[0;32m  OK  [0m] Mounted RPC Pipe File System.
[   19.487844] systemd[1]: Started Nameserver information manager.
[[0;32m  OK  [0m] Started Nameserver information manager.
[   19.525635] systemd[1]: Started Journal Service.
[[0;32m  OK  [0m] Started Journal Service.
         Starting Flush Journal to Persistent Storage...
[[0;32m  OK  [0m] Started LVM2 metadata daemon.
[[0;32m  OK  [0m] Started udev Coldplug all Devices.
[[0;32m  OK  [0m] Started Load/Save Random Seed.
[   19.917845] systemd-journald[395]: Received request to flush runtime journal from PID 1
[[0;32m  OK  [0m] Started Flush Journal to Persistent Storage.
[   20.341508] iscsi: registered transport (iser)
[[0;32m  OK  [0m] Started Load Kernel Modules.
         Mounting FUSE Control File System...
         Starting Apply Kernel Variables...
[[0;32m  OK  [0m] Mounted FUSE Control File System.
[[0;32m  OK  [0m] Started Monitoring of LVM2 mirrors,...ng dmeventd or progress polling.
[[0;32m  OK  [0m] Started Apply Kernel Variables.
[[0;32m  OK  [0m] Started Create Static Device Nodes in /dev.
         Starting udev Kernel Device Manager...
[[0;32m  OK  [0m] Started udev Kernel Device Manager.
[[0;32m  OK  [0m] Reached target Local File Systems (Pre).
[[0;32m  OK  [0m] Reached target Local File Systems.
         Starting Preprocess NFS configuration...
         Starting Create Volatile Files and Directories...
         Starting LSB: AppArmor initialization...
         Starting Tell Plymouth To Write Out Runtime Data...
         Starting Set console font and keymap...
[[0;32m  OK  [0m] Started Dispatch Password Requests to Console Directory Watch.
[[0;32m  OK  [0m] Started Preprocess NFS configuration.
[[0;32m  OK  [0m] Reached target NFS client services.
[[0;32m  OK  [0m] Started Tell Plymouth To Write Out Runtime Data.
[[0;32m  OK  [0m] Found device /dev/ttyS0.
[[0;32m  OK  [0m] Started Create Volatile Files and Directories.
         Starting Update UTMP about System Boot/Shutdown...
[[0;32m  OK  [0m] Reached target System Time Synchronized.
[[0;32m  OK  [0m] Started Update UTMP about System Boot/Shutdown.
[[0;32m  OK  [0m] Found device 82540EM Gigabit Ethern...r (PRO/1000 MT Desktop Adapter).
[[0;32m  OK  [0m] Found device 82540EM Gigabit Ethern...r (PRO/1000 MT Desktop Adapter).
[[0;32m  OK  [0m] Started Set console font and keymap.
[[0;32m  OK  [0m] Created slice system-getty.slice.
[[0;32m  OK  [0m] Listening on Load/Save RF Kill Switch Status /dev/rfkill Watch.
[[0;32m  OK  [0m] Started LSB: AppArmor initialization.
[   31.804232] cloud-init[432]: Cloud-init v. 0.7.9 running 'init-local' at Mon, 10 Apr 2017 17:21:16 +0000. Up 30.66 seconds.
[[0;32m  OK  [0m] Started Initial cloud-init job (pre-networking).
[[0;32m  OK  [0m] Reached target Network (Pre).
[[0;32m  OK  [0m] Started ifup for enp0s3.
         Starting Raise network interfaces...
[[0;32m  OK  [0m] Started ifup for enp0s8.
[[0;32m  OK  [0m] Started Raise network interfaces.
[[0;32m  OK  [0m] Reached target Network.
         Starting Initial cloud-init job (metadata service crawler)...
[   34.486097] cloud-init[1064]: Cloud-init v. 0.7.9 running 'init' at Mon, 10 Apr 2017 17:21:18 +0000. Up 33.41 seconds.
[   34.509011] cloud-init[1064]: ci-info: ++++++++++++++++++++++++++++++++++++++Net device info++++++++++++++++++++++++++++++++++++++
[   34.572988] cloud-init[1064]: ci-info: +--------+------+-----------------------------+---------------+-------+-------------------+
[[0;32m  OK  [0m] Started Initial cloud-init job (metadata service crawler).
[   34.654623] cloud-init[1064]: ci-info: | Device |  Up  |           Address           |      Mask     | Scope |     Hw-Address    |
[   34.736727] cloud-init[1064]: ci-info: +--------+------+-----------------------------+---------------+-------+-------------------+
[   34.756977] cloud-init[1064]: ci-info: | enp0s8 | True |        192.168.30.10        | 255.255.255.0 |   .   | 08:00:27:01:a6:56 |
[   34.788625] cloud-init[1064]: ci-info: | enp0s8 | True | fe80::a00:27ff:fe01:a656/64 |       .       |  link | 08:00:27:01:a6:56 |
[[0;32m  OK  [0m] Reached target System Initialization.
[   34.847517] cloud-init[1064]: ci-info: | enp0s3 | True |          10.0.2.15          | 255.255.255.0 |   .   | 02:e4:5b:1a:6e:ce |
[   34.924711] cloud-init[1064]: ci-info: | enp0s3 | True |  fe80::e4:5bff:fe1a:6ece/64 |       .       |  link | 02:e4:5b:1a:6e:ce |
[   34.984697] cloud-init[1064]: ci-info: |   lo   | True |          127.0.0.1          |   255.0.0.0   |   .   |         .         |
[   35.019411] cloud-init[1064]: ci-info: |   lo   | True |           ::1/128           |       .       |  host |         .         |
[   35.075515] cloud-init[1064]: ci-info: +--------+------+-----------------------------+---------------+-------+-------------------+
         Starting LXD - unix socket.
[   35.175796] cloud-init[1064]: ci-info: ++++++++++++++++++++++++++++Route IPv4 info++++++++++++++++++++++++++++
[   35.324852] cloud-init[1064]: ci-info: +-------+--------------+----------+---------------+-----------+-------+
[   35.356777] cloud-init[1064]: ci-info: | Route | Destination  | Gateway  |    Genmask    | Interface | Flags |
[[0;32m  OK  [0m] Started ACPI Events Check.
[[0;32m  OK  [0m] Started Trigger resolvconf update for networkd DNS.
[[0;32m  OK  [0m] Reached target Paths.
[   35.387972] cloud-init[1064]: ci-info: +-------+--------------+----------+---------------+-----------+-------+
[   35.455058] cloud-init[1064]: ci-info: |   0   |   0.0.0.0    | 10.0.2.2 |    0.0.0.0    |   enp0s3  |   UG  |
[[0;32m  OK  [0m] Started Timer to automatically refresh installed snaps.
         Starting Socket activation for snappy daemon.
[[0;32m  OK  [0m] Listening on ACPID Listen Socket.
[   35.500416] cloud-init[1064]: ci-info: |   1   |   10.0.2.0   | 0.0.0.0  | 255.255.255.0 |   enp0s3  |   U   |
[   35.595404] cloud-init[1064]: ci-info: |   2   | 192.168.30.0 | 0.0.0.0  | 255.255.255.0 |   enp0s8  |   U   |
[[0;32m  OK  [0m] Listening on UUID daemon activation socket.
[   35.596493] [cloud-init[0;32m  OK  [0m[1064]: ] ci-info: +-------+--------------+----------+---------------+-----------+-------+Started Daily apt activities.

[[0;32m  OK  [0m] Listening on D-Bus System Message Bus Socket.
[[0;32m  OK  [0m] Listening on RPCbind Server Activation Socket.
[[0;32m  OK  [0m] Started Daily Cleanup of Temporary Directories.
[[0;32m  OK  [0m] Reached target Timers.
[[0;32m  OK  [0m] Reached target Network is Online.
         Starting iSCSI initiator daemon (iscsid)...
[[0;32m  OK  [0m] Reached target Cloud-config availability.
[[0;32m  OK  [0m] Listening on LXD - unix socket.
[[0;32m  OK  [0m] Listening on Socket activation for snappy daemon.
[[0;32m  OK  [0m] Reached target Sockets.
[[0;32m  OK  [0m] Reached target Basic System.
         Starting Accounts Service...
         Starting LSB: MD monitoring daemon...
         Starting Login Service...
[[0;32m  OK  [0m] Started FUSE filesystem for LXC.
         Starting Apply the settings specified in cloud-config...
[[0;32m  OK  [0m] Started ACPI event daemon.
         Starting LXD - container startup/shutdown...
         Starting System Logging Service...
[[0;32m  OK  [0m] Started Regular background program processing daemon.
         Starting OpenBSD Secure Shell server...
         Starting PostgreSQL Cluster 9.5-main...
         Starting Daily apt activities...
[[0;32m  OK  [0m] Started Snappy daemon.
         Starting Auto import assertions from block devices...
[[0;32m  OK  [0m] Started D-Bus System Message Bus.
[   41.451105] cloud-init[1128]: Cloud-init v. 0.7.9 running 'modules:config' at Mon, 10 Apr 2017 17:21:22 +0000. Up 36.73 seconds.
         Starting LSB: Record successful boot for GRUB...
[[0;32m  OK  [0m] Started Deferred execution scheduler.
         Starting /etc/rc.local Compatibility...
[[0;32m  OK  [0m] Started System Logging Service.
[[0;32m  OK  [0m] Started OpenBSD Secure Shell server.
[[0;32m  OK  [0m] Started iSCSI initiator daemon (iscsid).
[[0;32m  OK  [0m] Started Apply the settings specified in cloud-config.
[[0;32m  OK  [0m] Started Auto import assertions from block devices.
[[0;32m  OK  [0m] Started /etc/rc.local Compatibility.
         Starting Login to default iSCSI targets...
[[0;32m  OK  [0m] Started Login Service.
[[0;32m  OK  [0m] Started LSB: Record successful boot for GRUB.
[[0;32m  OK  [0m] Started Login to default iSCSI targets.
[[0;32m  OK  [0m] Started LSB: MD monitoring daemon.
[[0;32m  OK  [0m] Reached target Remote File Systems (Pre).
[[0;32m  OK  [0m] Reached target Remote File Systems.
         Starting LSB: automatic crash report generation...
         Starting LSB: Set the CPU Frequency Scaling governor to "ondemand"...
         Starting LSB: daemon to balance interrupts for SMP systems...
         Starting Permit User Sessions...
         Starting LSB: VirtualBox Linux Additions...
         Starting LSB: Start/stop sysstat's sadc...
[[0;32m  OK  [0m] Started Permit User Sessions.
[[0;32m  OK  [0m] Started LSB: Set the CPU Frequency Scaling governor to "ondemand".
         Starting Terminate Plymouth Boot Screen...
         Starting Hold until boot process finishes up...
         Starting Authenticate and Authorize Users to Run Privileged Tasks...
[[0;32m  OK  [0m] Started LSB: Start/stop sysstat's sadc.
[[0;32m  OK  [0m] Started Terminate Plymouth Boot Screen.
[[0;32m  OK  [0m] Started LSB: automatic crash report generation.
[[0;32m  OK  [0m] Started Hold until boot process finishes up.
[[0;32m  OK  [0m] Started Getty on tty1.
         Starting Set console scheme...
[[0;32m  OK  [0m] Started Serial Getty on ttyS0.
[[0;32m  OK  [0m] Reached target Login Prompts.
[[0;32m  OK  [0m] Started Set console scheme.
[[0;32m  OK  [0m] Started LSB: daemon to balance interrupts for SMP systems.
[[0;32m  OK  [0m] Started Authenticate and Authorize Users to Run Privileged Tasks.
[[0;32m  OK  [0m] Started Accounts Service.
[[0;32m  OK  [0m] Started LSB: VirtualBox Linux Additions.
[[0;32m  OK  [0m] Created slice User Slice of ubuntu.
         Starting User Manager for UID 1000...
[[0;32m  OK  [0m] Started Session 1 of user ubuntu.
[[0;32m  OK  [0m] Started User Manager for UID 1000.
[[0;32m  OK  [0m] Started LXD - container startup/shutdown.

Ubuntu 16.04.2 LTS ubuntu-xenial ttyS0

ubuntu-xenial login: [   62.863380] cloud-init[1917]: Cloud-init v. 0.7.9 running 'modules:final' at Mon, 10 Apr 2017 17:21:47 +0000. Up 62.06 seconds.
[   62.863877] cloud-init[1917]: Cloud-init v. 0.7.9 finished at Mon, 10 Apr 2017 17:21:48 +0000. Datasource DataSourceNoCloud [seed=/dev/sdb][dsmode=net].  Up 62.85 seconds
